<?xml version="1.0" encoding="UTF-8" standalone="yes"?>
<ns2:test-suite start="1536052455689" stop="1536052532410" version="1.5.4" xmlns:ns2="urn:model.allure.qatools.yandex.ru">
    <name>Evening standard registration positive tests</name>
    <description type="text"></description>
    <test-cases>
        <test-case start="1536052456510" stop="1536052497423" status="failed">
            <name>I can register with facebook</name>
            <title>I can register with facebook</title>
            <description type="text"></description>
            <failure>
                <message>ElementShould: Element should be not visible {By.xpath: //a[@href='/register']}
Element: '&lt;a href="/register"&gt;Register&lt;/a&gt;'</message>
                <stack-trace>Element should be not visible {By.xpath: //a[@href='/register']}
Element: '&lt;a href="/register"&gt;Register&lt;/a&gt;'
Screenshot: file:/D:/KAPTUR/Projects/es-auto/build/reports/tests/1536052496504.0.png
Page source: file:/D:/KAPTUR/Projects/es-auto/build/reports/tests/1536052496504.0.html
Timeout: 12 s.&#13;
	at com.codeborne.selenide.impl.WebElementSource.checkCondition(WebElementSource.java:66)&#13;
	at com.codeborne.selenide.commands.Should.should(Should.java:35)&#13;
	at com.codeborne.selenide.commands.Should.execute(Should.java:29)&#13;
	at com.codeborne.selenide.commands.Should.execute(Should.java:12)&#13;
	at com.codeborne.selenide.commands.Commands.execute(Commands.java:144)&#13;
	at com.codeborne.selenide.impl.SelenideElementProxy.dispatchAndRetry(SelenideElementProxy.java:90)&#13;
	at com.codeborne.selenide.impl.SelenideElementProxy.invoke(SelenideElementProxy.java:65)&#13;
	at com.sun.proxy.$Proxy52.waitUntil(Unknown Source)&#13;
	at com.epam.esauto.steps.MainPageSteps.iClickRegisterButton(MainPageSteps.java:75)&#13;
	at ✽.Given I click register button(account_management/registration/registr_positive.feature:8)&#13;
</stack-trace>
            </failure>
            <steps>
                <step start="1536052456523" stop="1536052484151" status="passed">
                    <name>Given I open the main page</name>
                    <title>Given I open the main page</title>
                </step>
                <step start="1536052484155" stop="1536052497407" status="failed">
                    <name>Given I click register button</name>
                    <title>Given I click register button</title>
                </step>
                <step start="1536052497413" stop="1536052497416" status="canceled">
                    <name>When I click facebook icon</name>
                    <title>When I click facebook icon</title>
                </step>
                <step start="1536052497417" stop="1536052497418" status="canceled">
                    <name>Then new window with facebook login page should be opened</name>
                    <title>Then new window with facebook login page should be opened</title>
                </step>
            </steps>
            <attachments/>
            <labels>
                <label name="story" value="I can register with facebook"/>
                <label name="feature" value="Evening standard registration positive tests"/>
                <label name="host" value="EPBYMINW4455"/>
                <label name="thread" value="19836@EPBYMINW4455.main(1)"/>
                <label name="framework" value="CucumberJVM"/>
            </labels>
        </test-case>
        <test-case start="1536052497428" stop="1536052515860" status="failed">
            <name>I can register with twitter</name>
            <title>I can register with twitter</title>
            <description type="text"></description>
            <failure>
                <message>ElementShould: Element should be not visible {By.xpath: //a[@href='/register']}
Element: '&lt;a href="/register"&gt;Register&lt;/a&gt;'</message>
                <stack-trace>Element should be not visible {By.xpath: //a[@href='/register']}
Element: '&lt;a href="/register"&gt;Register&lt;/a&gt;'
Screenshot: file:/D:/KAPTUR/Projects/es-auto/build/reports/tests/1536052515070.1.png
Page source: file:/D:/KAPTUR/Projects/es-auto/build/reports/tests/1536052515070.1.html
Timeout: 12 s.&#13;
	at com.codeborne.selenide.impl.WebElementSource.checkCondition(WebElementSource.java:66)&#13;
	at com.codeborne.selenide.commands.Should.should(Should.java:35)&#13;
	at com.codeborne.selenide.commands.Should.execute(Should.java:29)&#13;
	at com.codeborne.selenide.commands.Should.execute(Should.java:12)&#13;
	at com.codeborne.selenide.commands.Commands.execute(Commands.java:144)&#13;
	at com.codeborne.selenide.impl.SelenideElementProxy.dispatchAndRetry(SelenideElementProxy.java:90)&#13;
	at com.codeborne.selenide.impl.SelenideElementProxy.invoke(SelenideElementProxy.java:65)&#13;
	at com.sun.proxy.$Proxy52.waitUntil(Unknown Source)&#13;
	at com.epam.esauto.steps.MainPageSteps.iClickRegisterButton(MainPageSteps.java:75)&#13;
	at ✽.Given I click register button(account_management/registration/registr_positive.feature:8)&#13;
</stack-trace>
            </failure>
            <steps>
                <step start="1536052497435" stop="1536052502965" status="passed">
                    <name>Given I open the main page</name>
                    <title>Given I open the main page</title>
                </step>
                <step start="1536052502966" stop="1536052515854" status="failed">
                    <name>Given I click register button</name>
                    <title>Given I click register button</title>
                </step>
                <step start="1536052515857" stop="1536052515858" status="canceled">
                    <name>When I click twitter icon</name>
                    <title>When I click twitter icon</title>
                </step>
                <step start="1536052515858" stop="1536052515859" status="canceled">
                    <name>Then new window with twitter login page should be opened</name>
                    <title>Then new window with twitter login page should be opened</title>
                </step>
            </steps>
            <attachments/>
            <labels>
                <label name="story" value="I can register with twitter"/>
                <label name="feature" value="Evening standard registration positive tests"/>
                <label name="host" value="EPBYMINW4455"/>
                <label name="thread" value="19836@EPBYMINW4455.main(1)"/>
                <label name="framework" value="CucumberJVM"/>
            </labels>
        </test-case>
        <test-case start="1536052515869" stop="1536052532401" status="failed">
            <name>I can register with g+ account</name>
            <title>I can register with g+ account</title>
            <description type="text"></description>
            <failure>
                <message>ElementShould: Element should be not visible {By.xpath: //a[@href='/register']}
Element: '&lt;a href="/register"&gt;Register&lt;/a&gt;'</message>
                <stack-trace>Element should be not visible {By.xpath: //a[@href='/register']}
Element: '&lt;a href="/register"&gt;Register&lt;/a&gt;'
Screenshot: file:/D:/KAPTUR/Projects/es-auto/build/reports/tests/1536052531653.2.png
Page source: file:/D:/KAPTUR/Projects/es-auto/build/reports/tests/1536052531653.2.html
Timeout: 12 s.&#13;
	at com.codeborne.selenide.impl.WebElementSource.checkCondition(WebElementSource.java:66)&#13;
	at com.codeborne.selenide.commands.Should.should(Should.java:35)&#13;
	at com.codeborne.selenide.commands.Should.execute(Should.java:29)&#13;
	at com.codeborne.selenide.commands.Should.execute(Should.java:12)&#13;
	at com.codeborne.selenide.commands.Commands.execute(Commands.java:144)&#13;
	at com.codeborne.selenide.impl.SelenideElementProxy.dispatchAndRetry(SelenideElementProxy.java:90)&#13;
	at com.codeborne.selenide.impl.SelenideElementProxy.invoke(SelenideElementProxy.java:65)&#13;
	at com.sun.proxy.$Proxy52.waitUntil(Unknown Source)&#13;
	at com.epam.esauto.steps.MainPageSteps.iClickRegisterButton(MainPageSteps.java:75)&#13;
	at ✽.Given I click register button(account_management/registration/registr_positive.feature:8)&#13;
</stack-trace>
            </failure>
            <steps>
                <step start="1536052515871" stop="1536052519528" status="passed">
                    <name>Given I open the main page</name>
                    <title>Given I open the main page</title>
                </step>
                <step start="1536052519529" stop="1536052532390" status="failed">
                    <name>Given I click register button</name>
                    <title>Given I click register button</title>
                </step>
                <step start="1536052532392" stop="1536052532393" status="canceled">
                    <name>When I click google icon</name>
                    <title>When I click google icon</title>
                </step>
                <step start="1536052532394" stop="1536052532398" status="canceled">
                    <name>Then new window with google login page should be opened</name>
                    <title>Then new window with google login page should be opened</title>
                </step>
            </steps>
            <attachments/>
            <labels>
                <label name="story" value="I can register with g+ account"/>
                <label name="feature" value="Evening standard registration positive tests"/>
                <label name="host" value="EPBYMINW4455"/>
                <label name="thread" value="19836@EPBYMINW4455.main(1)"/>
                <label name="framework" value="CucumberJVM"/>
            </labels>
        </test-case>
    </test-cases>
    <labels>
        <label name="feature" value="Evening standard registration positive tests"/>
        <label name="language" value="JAVA"/>
    </labels>
</ns2:test-suite>
